<?xml version="1.0" encoding="UTF-8"?>
<!-- Generated by org.testng.reporters.JUnitReportReporter -->
<testsuite hostname="DESKTOP-G9OC788" failures="0" tests="2" name="testScripts.LoginTests" time="3.073" errors="0" timestamp="2023-10-14T22:46:15 IST" skipped="0">
  <testcase classname="testScripts.LoginTests" name="login" time="1.577"/>
  <testcase classname="testScripts.LoginTests" name="loginwithWrongCredentails" time="1.496"/>
</testsuite> <!-- testScripts.LoginTests -->
